<?xml version="1.0" encoding="UTF-8"?>
<coverage generated="1521461320258" clover="3.2.0">
  <project timestamp="1521461320258" name="All files">
    <metrics statements="55" coveredstatements="30" conditionals="46" coveredconditionals="22" methods="12" coveredmethods="8" elements="113" coveredelements="60" complexity="0" loc="55" ncloc="55" packages="3" files="3" classes="3">
      <package name="material-ui-form">
        <metrics statements="1" coveredstatements="1" conditionals="0" coveredconditionals="0" methods="0" coveredmethods="0"/>
        <file name="setupTests.js" path="E:\projects\material-ui-form\setupTests.js">
          <metrics statements="1" coveredstatements="1" conditionals="0" coveredconditionals="0" methods="0" coveredmethods="0"/>
          <line num="4" count="2" type="stmt"/>
        </file>
      </package>
      <package name="material-ui-form.src.components">
        <metrics statements="53" coveredstatements="28" conditionals="46" coveredconditionals="22" methods="11" coveredmethods="7"/>
        <file name="FieldClone.js" path="E:\projects\material-ui-form\src\components\FieldClone.js">
          <metrics statements="53" coveredstatements="28" conditionals="46" coveredconditionals="22" methods="11" coveredmethods="7"/>
          <line num="10" count="3" type="stmt"/>
          <line num="14" count="1" type="cond" truecount="1" falsecount="1"/>
          <line num="15" count="1" type="stmt"/>
          <line num="17" count="0" type="stmt"/>
          <line num="21" count="1" type="stmt"/>
          <line num="22" count="1" type="cond" truecount="2" falsecount="0"/>
          <line num="23" count="1" type="cond" truecount="1" falsecount="1"/>
          <line num="24" count="0" type="cond" truecount="0" falsecount="2"/>
          <line num="26" count="1" type="stmt"/>
          <line num="30" count="1" type="cond" truecount="1" falsecount="1"/>
          <line num="31" count="1" type="cond" truecount="2" falsecount="2"/>
          <line num="37" count="1" type="stmt"/>
          <line num="38" count="1" type="stmt"/>
          <line num="39" count="1" type="stmt"/>
          <line num="41" count="1" type="cond" truecount="4" falsecount="1"/>
          <line num="45" count="0" type="stmt"/>
          <line num="46" count="0" type="stmt"/>
          <line num="48" count="1" type="stmt"/>
          <line num="70" count="1" type="stmt"/>
          <line num="71" count="1" type="stmt"/>
          <line num="73" count="1" type="cond" truecount="1" falsecount="1"/>
          <line num="74" count="0" type="stmt"/>
          <line num="76" count="1" type="cond" truecount="3" falsecount="1"/>
          <line num="77" count="0" type="stmt"/>
          <line num="80" count="1" type="cond" truecount="1" falsecount="1"/>
          <line num="81" count="1" type="stmt"/>
          <line num="82" count="1" type="stmt"/>
          <line num="84" count="1" type="stmt"/>
          <line num="91" count="1" type="cond" truecount="1" falsecount="1"/>
          <line num="92" count="0" type="stmt"/>
          <line num="97" count="0" type="cond" truecount="0" falsecount="2"/>
          <line num="98" count="0" type="stmt"/>
          <line num="99" count="0" type="stmt"/>
          <line num="108" count="0" type="stmt"/>
          <line num="110" count="0" type="cond" truecount="0" falsecount="2"/>
          <line num="111" count="0" type="stmt"/>
          <line num="112" count="0" type="stmt"/>
          <line num="117" count="0" type="stmt"/>
          <line num="118" count="0" type="stmt"/>
          <line num="119" count="0" type="stmt"/>
          <line num="120" count="0" type="stmt"/>
          <line num="122" count="0" type="cond" truecount="0" falsecount="2"/>
          <line num="123" count="0" type="stmt"/>
          <line num="128" count="0" type="stmt"/>
          <line num="129" count="0" type="cond" truecount="0" falsecount="2"/>
          <line num="130" count="0" type="stmt"/>
          <line num="131" count="0" type="stmt"/>
          <line num="135" count="1" type="stmt"/>
          <line num="136" count="1" type="stmt"/>
          <line num="140" count="1" type="cond" truecount="1" falsecount="1"/>
          <line num="141" count="1" type="stmt"/>
          <line num="153" count="0" type="stmt"/>
          <line num="159" count="1" type="stmt"/>
        </file>
      </package>
      <package name="material-ui-form.src.validation.validators">
        <metrics statements="1" coveredstatements="1" conditionals="0" coveredconditionals="0" methods="1" coveredmethods="1"/>
        <file name="isAlias.js" path="E:\projects\material-ui-form\src\validation\validators\isAlias.js">
          <metrics statements="1" coveredstatements="1" conditionals="0" coveredconditionals="0" methods="1" coveredmethods="1"/>
          <line num="1" count="1" type="stmt"/>
        </file>
      </package>
    </metrics>
  </project>
</coverage>
