{"E:\\projects\\material-ui-form\\setupTests.js": {"path":"E:\\projects\\material-ui-form\\setupTests.js","statementMap":{"0":{"start":{"line":4,"column":0},"end":{"line":4,"column":37}}},"fnMap":{},"branchMap":{},"s":{"0":2},"f":{},"b":{},"_coverageSchema":"332fd63041d2c1bcb487cc26dd0d5f7d97098a6c","hash":"43adb94cc2d837c4f20f0f07b6ae8715f00406ee"}
,"E:\\projects\\material-ui-form\\src\\components\\FieldClone.js": {"path":"E:\\projects\\material-ui-form\\src\\components\\FieldClone.js","statementMap":{"0":{"start":{"line":10,"column":2},"end":{"line":10,"column":44}},"1":{"start":{"line":14,"column":2},"end":{"line":16,"column":3}},"2":{"start":{"line":15,"column":4},"end":{"line":15,"column":16}},"3":{"start":{"line":17,"column":2},"end":{"line":17,"column":17}},"4":{"start":{"line":21,"column":16},"end":{"line":21,"column":20}},"5":{"start":{"line":22,"column":22},"end":{"line":22,"column":64}},"6":{"start":{"line":23,"column":2},"end":{"line":25,"column":3}},"7":{"start":{"line":24,"column":4},"end":{"line":24,"column":39}},"8":{"start":{"line":26,"column":2},"end":{"line":26,"column":33}},"9":{"start":{"line":30,"column":16},"end":{"line":30,"column":36}},"10":{"start":{"line":31,"column":2},"end":{"line":33,"column":11}},"11":{"start":{"line":37,"column":13},"end":{"line":37,"column":39}},"12":{"start":{"line":38,"column":19},"end":{"line":38,"column":48}},"13":{"start":{"line":39,"column":16},"end":{"line":39,"column":21}},"14":{"start":{"line":41,"column":2},"end":{"line":47,"column":3}},"15":{"start":{"line":45,"column":4},"end":{"line":45,"column":51}},"16":{"start":{"line":46,"column":4},"end":{"line":46,"column":18}},"17":{"start":{"line":48,"column":2},"end":{"line":48,"column":32}},"18":{"start":{"line":70,"column":4},"end":{"line":70,"column":16}},"19":{"start":{"line":71,"column":15},"end":{"line":71,"column":41}},"20":{"start":{"line":73,"column":4},"end":{"line":75,"column":5}},"21":{"start":{"line":74,"column":6},"end":{"line":74,"column":68}},"22":{"start":{"line":76,"column":4},"end":{"line":78,"column":5}},"23":{"start":{"line":77,"column":6},"end":{"line":77,"column":66}},"24":{"start":{"line":80,"column":18},"end":{"line":80,"column":77}},"25":{"start":{"line":81,"column":37},"end":{"line":81,"column":66}},"26":{"start":{"line":82,"column":36},"end":{"line":82,"column":78}},"27":{"start":{"line":84,"column":4},"end":{"line":89,"column":5}},"28":{"start":{"line":91,"column":4},"end":{"line":93,"column":5}},"29":{"start":{"line":92,"column":6},"end":{"line":92,"column":38}},"30":{"start":{"line":97,"column":4},"end":{"line":104,"column":5}},"31":{"start":{"line":98,"column":38},"end":{"line":98,"column":71}},"32":{"start":{"line":99,"column":6},"end":{"line":103,"column":8}},"33":{"start":{"line":108,"column":15},"end":{"line":108,"column":46}},"34":{"start":{"line":110,"column":4},"end":{"line":113,"column":5}},"35":{"start":{"line":111,"column":24},"end":{"line":111,"column":36}},"36":{"start":{"line":112,"column":6},"end":{"line":112,"column":52}},"37":{"start":{"line":117,"column":15},"end":{"line":117,"column":46}},"38":{"start":{"line":118,"column":22},"end":{"line":118,"column":34}},"39":{"start":{"line":119,"column":23},"end":{"line":119,"column":52}},"40":{"start":{"line":120,"column":4},"end":{"line":120,"column":56}},"41":{"start":{"line":122,"column":4},"end":{"line":124,"column":5}},"42":{"start":{"line":123,"column":6},"end":{"line":123,"column":52}},"43":{"start":{"line":128,"column":15},"end":{"line":128,"column":46}},"44":{"start":{"line":129,"column":18},"end":{"line":129,"column":47}},"45":{"start":{"line":130,"column":4},"end":{"line":130,"column":37}},"46":{"start":{"line":131,"column":4},"end":{"line":131,"column":54}},"47":{"start":{"line":135,"column":15},"end":{"line":135,"column":46}},"48":{"start":{"line":136,"column":18},"end":{"line":138,"column":5}},"49":{"start":{"line":140,"column":4},"end":{"line":157,"column":5}},"50":{"start":{"line":141,"column":6},"end":{"line":151,"column":8}},"51":{"start":{"line":153,"column":6},"end":{"line":156,"column":8}},"52":{"start":{"line":159,"column":4},"end":{"line":159,"column":42}}},"fnMap":{"0":{"name":"getElementFromProps","decl":{"start":{"line":9,"column":9},"end":{"line":9,"column":28}},"loc":{"start":{"line":9,"column":36},"end":{"line":11,"column":1}},"line":9},"1":{"name":"getRequiredProp","decl":{"start":{"line":13,"column":9},"end":{"line":13,"column":24}},"loc":{"start":{"line":13,"column":63},"end":{"line":18,"column":1}},"line":13},"2":{"name":"makeIsCheckableAndChecked","decl":{"start":{"line":20,"column":9},"end":{"line":20,"column":34}},"loc":{"start":{"line":20,"column":39},"end":{"line":27,"column":1}},"line":20},"3":{"name":"makeLabel","decl":{"start":{"line":29,"column":9},"end":{"line":29,"column":18}},"loc":{"start":{"line":29,"column":30},"end":{"line":34,"column":1}},"line":29},"4":{"name":"makeErrorAndHelperText","decl":{"start":{"line":36,"column":9},"end":{"line":36,"column":31}},"loc":{"start":{"line":36,"column":52},"end":{"line":49,"column":1}},"line":36},"5":{"name":"(anonymous_5)","decl":{"start":{"line":69,"column":2},"end":{"line":69,"column":3}},"loc":{"start":{"line":69,"column":21},"end":{"line":94,"column":3}},"line":69},"6":{"name":"(anonymous_6)","decl":{"start":{"line":96,"column":2},"end":{"line":96,"column":3}},"loc":{"start":{"line":96,"column":39},"end":{"line":105,"column":3}},"line":96},"7":{"name":"(anonymous_7)","decl":{"start":{"line":107,"column":11},"end":{"line":107,"column":12}},"loc":{"start":{"line":107,"column":22},"end":{"line":114,"column":3}},"line":107},"8":{"name":"(anonymous_8)","decl":{"start":{"line":116,"column":13},"end":{"line":116,"column":14}},"loc":{"start":{"line":116,"column":24},"end":{"line":125,"column":3}},"line":116},"9":{"name":"(anonymous_9)","decl":{"start":{"line":127,"column":13},"end":{"line":127,"column":14}},"loc":{"start":{"line":127,"column":33},"end":{"line":132,"column":3}},"line":127},"10":{"name":"(anonymous_10)","decl":{"start":{"line":134,"column":2},"end":{"line":134,"column":3}},"loc":{"start":{"line":134,"column":11},"end":{"line":160,"column":3}},"line":134}},"branchMap":{"0":{"loc":{"start":{"line":14,"column":2},"end":{"line":16,"column":3}},"type":"if","locations":[{"start":{"line":14,"column":2},"end":{"line":16,"column":3}},{"start":{"line":14,"column":2},"end":{"line":16,"column":3}}],"line":14},"1":{"loc":{"start":{"line":22,"column":22},"end":{"line":22,"column":64}},"type":"binary-expr","locations":[{"start":{"line":22,"column":22},"end":{"line":22,"column":42}},{"start":{"line":22,"column":46},"end":{"line":22,"column":64}}],"line":22},"2":{"loc":{"start":{"line":23,"column":2},"end":{"line":25,"column":3}},"type":"if","locations":[{"start":{"line":23,"column":2},"end":{"line":25,"column":3}},{"start":{"line":23,"column":2},"end":{"line":25,"column":3}}],"line":23},"3":{"loc":{"start":{"line":24,"column":14},"end":{"line":24,"column":39}},"type":"binary-expr","locations":[{"start":{"line":24,"column":14},"end":{"line":24,"column":30}},{"start":{"line":24,"column":34},"end":{"line":24,"column":39}}],"line":24},"4":{"loc":{"start":{"line":30,"column":16},"end":{"line":30,"column":36}},"type":"binary-expr","locations":[{"start":{"line":30,"column":16},"end":{"line":30,"column":30}},{"start":{"line":30,"column":34},"end":{"line":30,"column":36}}],"line":30},"5":{"loc":{"start":{"line":31,"column":9},"end":{"line":33,"column":11}},"type":"cond-expr","locations":[{"start":{"line":32,"column":6},"end":{"line":32,"column":18}},{"start":{"line":33,"column":6},"end":{"line":33,"column":11}}],"line":31},"6":{"loc":{"start":{"line":31,"column":9},"end":{"line":31,"column":68}},"type":"binary-expr","locations":[{"start":{"line":31,"column":9},"end":{"line":31,"column":31}},{"start":{"line":31,"column":35},"end":{"line":31,"column":68}}],"line":31},"7":{"loc":{"start":{"line":41,"column":2},"end":{"line":47,"column":3}},"type":"if","locations":[{"start":{"line":41,"column":2},"end":{"line":47,"column":3}},{"start":{"line":41,"column":2},"end":{"line":47,"column":3}}],"line":41},"8":{"loc":{"start":{"line":41,"column":6},"end":{"line":43,"column":41}},"type":"binary-expr","locations":[{"start":{"line":41,"column":6},"end":{"line":41,"column":18}},{"start":{"line":42,"column":7},"end":{"line":42,"column":30}},{"start":{"line":43,"column":7},"end":{"line":43,"column":41}}],"line":41},"9":{"loc":{"start":{"line":73,"column":4},"end":{"line":75,"column":5}},"type":"if","locations":[{"start":{"line":73,"column":4},"end":{"line":75,"column":5}},{"start":{"line":73,"column":4},"end":{"line":75,"column":5}}],"line":73},"10":{"loc":{"start":{"line":76,"column":4},"end":{"line":78,"column":5}},"type":"if","locations":[{"start":{"line":76,"column":4},"end":{"line":78,"column":5}},{"start":{"line":76,"column":4},"end":{"line":78,"column":5}}],"line":76},"11":{"loc":{"start":{"line":76,"column":8},"end":{"line":76,"column":67}},"type":"binary-expr","locations":[{"start":{"line":76,"column":8},"end":{"line":76,"column":35}},{"start":{"line":76,"column":39},"end":{"line":76,"column":67}}],"line":76},"12":{"loc":{"start":{"line":80,"column":18},"end":{"line":80,"column":77}},"type":"cond-expr","locations":[{"start":{"line":80,"column":43},"end":{"line":80,"column":57}},{"start":{"line":80,"column":60},"end":{"line":80,"column":77}}],"line":80},"13":{"loc":{"start":{"line":91,"column":4},"end":{"line":93,"column":5}},"type":"if","locations":[{"start":{"line":91,"column":4},"end":{"line":93,"column":5}},{"start":{"line":91,"column":4},"end":{"line":93,"column":5}}],"line":91},"14":{"loc":{"start":{"line":97,"column":4},"end":{"line":104,"column":5}},"type":"if","locations":[{"start":{"line":97,"column":4},"end":{"line":104,"column":5}},{"start":{"line":97,"column":4},"end":{"line":104,"column":5}}],"line":97},"15":{"loc":{"start":{"line":110,"column":4},"end":{"line":113,"column":5}},"type":"if","locations":[{"start":{"line":110,"column":4},"end":{"line":113,"column":5}},{"start":{"line":110,"column":4},"end":{"line":113,"column":5}}],"line":110},"16":{"loc":{"start":{"line":122,"column":4},"end":{"line":124,"column":5}},"type":"if","locations":[{"start":{"line":122,"column":4},"end":{"line":124,"column":5}},{"start":{"line":122,"column":4},"end":{"line":124,"column":5}}],"line":122},"17":{"loc":{"start":{"line":129,"column":18},"end":{"line":129,"column":47}},"type":"cond-expr","locations":[{"start":{"line":129,"column":28},"end":{"line":129,"column":42}},{"start":{"line":129,"column":45},"end":{"line":129,"column":47}}],"line":129},"18":{"loc":{"start":{"line":140,"column":4},"end":{"line":157,"column":5}},"type":"if","locations":[{"start":{"line":140,"column":4},"end":{"line":157,"column":5}},{"start":{"line":140,"column":4},"end":{"line":157,"column":5}}],"line":140},"19":{"loc":{"start":{"line":145,"column":16},"end":{"line":145,"column":46}},"type":"binary-expr","locations":[{"start":{"line":145,"column":16},"end":{"line":145,"column":31}},{"start":{"line":145,"column":35},"end":{"line":145,"column":46}}],"line":145},"20":{"loc":{"start":{"line":146,"column":18},"end":{"line":146,"column":52}},"type":"binary-expr","locations":[{"start":{"line":146,"column":18},"end":{"line":146,"column":35}},{"start":{"line":146,"column":39},"end":{"line":146,"column":52}}],"line":146},"21":{"loc":{"start":{"line":155,"column":18},"end":{"line":155,"column":73}},"type":"binary-expr","locations":[{"start":{"line":155,"column":18},"end":{"line":155,"column":35}},{"start":{"line":155,"column":39},"end":{"line":155,"column":56}},{"start":{"line":155,"column":60},"end":{"line":155,"column":73}}],"line":155}},"s":{"0":3,"1":1,"2":1,"3":0,"4":1,"5":1,"6":1,"7":0,"8":1,"9":1,"10":1,"11":1,"12":1,"13":1,"14":1,"15":0,"16":0,"17":1,"18":1,"19":1,"20":1,"21":0,"22":1,"23":0,"24":1,"25":1,"26":1,"27":1,"28":1,"29":0,"30":0,"31":0,"32":0,"33":0,"34":0,"35":0,"36":0,"37":0,"38":0,"39":0,"40":0,"41":0,"42":0,"43":0,"44":0,"45":0,"46":0,"47":1,"48":1,"49":1,"50":1,"51":0,"52":1},"f":{"0":3,"1":1,"2":1,"3":1,"4":1,"5":1,"6":0,"7":0,"8":0,"9":0,"10":1},"b":{"0":[1,0],"1":[1,1],"2":[0,1],"3":[0,0],"4":[1,0],"5":[0,1],"6":[1,0],"7":[0,1],"8":[1,1,1],"9":[0,1],"10":[0,1],"11":[1,1],"12":[0,1],"13":[0,1],"14":[0,0],"15":[0,0],"16":[0,0],"17":[0,0],"18":[1,0],"19":[1,1],"20":[1,1],"21":[0,0,0]},"_coverageSchema":"332fd63041d2c1bcb487cc26dd0d5f7d97098a6c","hash":"a4776c6f786bb92fd0672b344b905b134e031803"}
,"E:\\projects\\material-ui-form\\src\\validation\\validators\\isAlias.js": {"path":"E:\\projects\\material-ui-form\\src\\validation\\validators\\isAlias.js","statementMap":{"0":{"start":{"line":1,"column":24},"end":{"line":1,"column":57}}},"fnMap":{"0":{"name":"(anonymous_0)","decl":{"start":{"line":1,"column":15},"end":{"line":1,"column":16}},"loc":{"start":{"line":1,"column":24},"end":{"line":1,"column":57}},"line":1}},"branchMap":{},"s":{"0":1},"f":{"0":1},"b":{},"_coverageSchema":"332fd63041d2c1bcb487cc26dd0d5f7d97098a6c","hash":"819d74d4ea9de607c5d21d82b924bee91f66f03f"}
}
