TN:
SF:E:\projects\material-ui-form\setupTests.js
FNF:0
FNH:0
DA:4,2
LF:1
LH:1
BRF:0
BRH:0
end_of_record
TN:
SF:E:\projects\material-ui-form\src\components\FieldClone.js
FN:9,getElementFromProps
FN:13,getRequiredProp
FN:20,makeIsCheckableAndChecked
FN:29,makeLabel
FN:36,makeErrorAndHelperText
FN:69,(anonymous_5)
FN:96,(anonymous_6)
FN:107,(anonymous_7)
FN:116,(anonymous_8)
FN:127,(anonymous_9)
FN:134,(anonymous_10)
FNF:11
FNH:7
FNDA:3,getElementFromProps
FNDA:1,getRequiredProp
FNDA:1,makeIsCheckableAndChecked
FNDA:1,makeLabel
FNDA:1,makeErrorAndHelperText
FNDA:1,(anonymous_5)
FNDA:0,(anonymous_6)
FNDA:0,(anonymous_7)
FNDA:0,(anonymous_8)
FNDA:0,(anonymous_9)
FNDA:1,(anonymous_10)
DA:10,3
DA:14,1
DA:15,1
DA:17,0
DA:21,1
DA:22,1
DA:23,1
DA:24,0
DA:26,1
DA:30,1
DA:31,1
DA:37,1
DA:38,1
DA:39,1
DA:41,1
DA:45,0
DA:46,0
DA:48,1
DA:70,1
DA:71,1
DA:73,1
DA:74,0
DA:76,1
DA:77,0
DA:80,1
DA:81,1
DA:82,1
DA:84,1
DA:91,1
DA:92,0
DA:97,0
DA:98,0
DA:99,0
DA:108,0
DA:110,0
DA:111,0
DA:112,0
DA:117,0
DA:118,0
DA:119,0
DA:120,0
DA:122,0
DA:123,0
DA:128,0
DA:129,0
DA:130,0
DA:131,0
DA:135,1
DA:136,1
DA:140,1
DA:141,1
DA:153,0
DA:159,1
LF:53
LH:28
BRDA:14,0,0,1
BRDA:14,0,1,0
BRDA:22,1,0,1
BRDA:22,1,1,1
BRDA:23,2,0,0
BRDA:23,2,1,1
BRDA:24,3,0,0
BRDA:24,3,1,0
BRDA:30,4,0,1
BRDA:30,4,1,0
BRDA:31,5,0,0
BRDA:31,5,1,1
BRDA:31,6,0,1
BRDA:31,6,1,0
BRDA:41,7,0,0
BRDA:41,7,1,1
BRDA:41,8,0,1
BRDA:41,8,1,1
BRDA:41,8,2,1
BRDA:73,9,0,0
BRDA:73,9,1,1
BRDA:76,10,0,0
BRDA:76,10,1,1
BRDA:76,11,0,1
BRDA:76,11,1,1
BRDA:80,12,0,0
BRDA:80,12,1,1
BRDA:91,13,0,0
BRDA:91,13,1,1
BRDA:97,14,0,0
BRDA:97,14,1,0
BRDA:110,15,0,0
BRDA:110,15,1,0
BRDA:122,16,0,0
BRDA:122,16,1,0
BRDA:129,17,0,0
BRDA:129,17,1,0
BRDA:140,18,0,1
BRDA:140,18,1,0
BRDA:145,19,0,1
BRDA:145,19,1,1
BRDA:146,20,0,1
BRDA:146,20,1,1
BRDA:155,21,0,0
BRDA:155,21,1,0
BRDA:155,21,2,0
BRF:46
BRH:22
end_of_record
TN:
SF:E:\projects\material-ui-form\src\validation\validators\isAlias.js
FN:1,(anonymous_0)
FNF:1
FNH:1
FNDA:1,(anonymous_0)
DA:1,1
LF:1
LH:1
BRF:0
BRH:0
end_of_record
